<?xml version="1.0" encoding="UTF-8"?>
<!-- Generated by org.testng.reporters.JUnitReportReporter -->
<testsuite hostname="SHUBHUU" failures="0" tests="1" name="Note_Master_Pages.HomePage" time="1.387" errors="0" timestamp="2025-04-12T17:45:02 IST" skipped="0">
  <testcase classname="Note_Master_Pages.HomePage" name="WriteNotes" time="1.387"/>
</testsuite> <!-- Note_Master_Pages.HomePage -->
