<?xml version="1.0" encoding="UTF-8"?>
<!-- Generated by org.testng.reporters.JUnitReportReporter -->
<testsuite hostname="SHUBHUU" failures="0" tests="1" name="Note_Master_Pages.LoginPage" time="0.608" errors="0" timestamp="2025-04-12T16:44:26 IST" skipped="0">
  <testcase classname="Note_Master_Pages.LoginPage" name="LoginwithEmptyCredentials" time="0.608"/>
</testsuite> <!-- Note_Master_Pages.LoginPage -->
