<?xml version="1.0" encoding="UTF-8"?>
<!-- Generated by org.testng.reporters.JUnitReportReporter -->
<testsuite hostname="SHUBHUU" failures="0" tests="3" name="Note_Master_Pages.SignUP_Page" time="60.990" errors="0" timestamp="2025-04-12T16:26:59 IST" skipped="0">
  <testcase classname="Note_Master_Pages.SignUP_Page" name="SignUpwithValidCredentials" time="20.004"/>
  <testcase classname="Note_Master_Pages.SignUP_Page" name="SignUPinvalidCredentails" time="20.099"/>
  <testcase classname="Note_Master_Pages.SignUP_Page" name="SignUpwithemptyCredentails" time="20.887"/>
</testsuite> <!-- Note_Master_Pages.SignUP_Page -->
